<?xml version="1.0" encoding="UTF-8"?>
<testng-results ignored="0" total="1" passed="1" failed="0" skipped="0">
  <reporter-output>
  </reporter-output>
  <suite started-at="2019-08-12T12:35:25Z" name="Default suite" finished-at="2019-08-12T12:35:27Z" duration-ms="1930">
    <groups>
    </groups>
    <test started-at="2019-08-12T12:35:25Z" name="Default test" finished-at="2019-08-12T12:35:27Z" duration-ms="1930">
      <class name="getRequest.GetBdd">
        <test-method signature="GetBDDRequest()[pri:0, instance:getRequest.GetBdd@5609159b]" started-at="2019-08-12T12:35:25Z" name="GetBDDRequest" finished-at="2019-08-12T12:35:27Z" duration-ms="1879" status="PASS">
          <reporter-output>
          </reporter-output>
        </test-method> <!-- GetBDDRequest -->
      </class> <!-- getRequest.GetBdd -->
    </test> <!-- Default test -->
  </suite> <!-- Default suite -->
</testng-results>
